2020-10-15 10:56:14.115 [main] WARN  o.s.context.support.ClassPathXmlApplicationContext - Exception encountered during context initialization - cancelling refresh attempt: org.springframework.beans.factory.BeanCreationException: Error creating bean with name 'a' defined in class path resource [application.xml]: Cannot resolve reference to bean 'b' while setting constructor argument; nested exception is org.springframework.beans.factory.BeanCreationException: Error creating bean with name 'b' defined in class path resource [application.xml]: Cannot resolve reference to bean 'c' while setting constructor argument; nested exception is org.springframework.beans.factory.BeanCreationException: Error creating bean with name 'c' defined in class path resource [application.xml]: Cannot resolve reference to bean 'a' while setting constructor argument; nested exception is org.springframework.beans.factory.BeanCurrentlyInCreationException: Error creating bean with name 'a': Requested bean is currently in creation: Is there an unresolvable circular reference?
2020-10-15 10:56:41.015 [main] WARN  o.s.context.support.ClassPathXmlApplicationContext - Exception encountered during context initialization - cancelling refresh attempt: org.springframework.beans.factory.BeanCreationException: Error creating bean with name 'a' defined in class path resource [application.xml]: Cannot resolve reference to bean 'b' while setting constructor argument; nested exception is org.springframework.beans.factory.BeanCreationException: Error creating bean with name 'b' defined in class path resource [application.xml]: Cannot resolve reference to bean 'c' while setting constructor argument; nested exception is org.springframework.beans.factory.BeanCreationException: Error creating bean with name 'c' defined in class path resource [application.xml]: Cannot resolve reference to bean 'a' while setting constructor argument; nested exception is org.springframework.beans.factory.BeanCurrentlyInCreationException: Error creating bean with name 'a': Requested bean is currently in creation: Is there an unresolvable circular reference?
2020-10-15 10:56:45.723 [main] WARN  o.s.context.support.ClassPathXmlApplicationContext - Exception encountered during context initialization - cancelling refresh attempt: org.springframework.beans.factory.BeanCreationException: Error creating bean with name 'a' defined in class path resource [application.xml]: Cannot resolve reference to bean 'b' while setting constructor argument; nested exception is org.springframework.beans.factory.BeanCreationException: Error creating bean with name 'b' defined in class path resource [application.xml]: Cannot resolve reference to bean 'c' while setting constructor argument; nested exception is org.springframework.beans.factory.BeanCreationException: Error creating bean with name 'c' defined in class path resource [application.xml]: Cannot resolve reference to bean 'a' while setting constructor argument; nested exception is org.springframework.beans.factory.BeanCurrentlyInCreationException: Error creating bean with name 'a': Requested bean is currently in creation: Is there an unresolvable circular reference?
2020-10-15 11:00:19.684 [main] WARN  o.s.context.support.ClassPathXmlApplicationContext - Exception encountered during context initialization - cancelling refresh attempt: org.springframework.beans.factory.BeanCreationException: Error creating bean with name 'a' defined in class path resource [application.xml]: Cannot resolve reference to bean 'b' while setting constructor argument; nested exception is org.springframework.beans.factory.BeanCreationException: Error creating bean with name 'b' defined in class path resource [application.xml]: Cannot resolve reference to bean 'c' while setting constructor argument; nested exception is org.springframework.beans.factory.BeanCreationException: Error creating bean with name 'c' defined in class path resource [application.xml]: Cannot resolve reference to bean 'a' while setting constructor argument; nested exception is org.springframework.beans.factory.BeanCurrentlyInCreationException: Error creating bean with name 'a': Requested bean is currently in creation: Is there an unresolvable circular reference?
2020-10-15 11:27:56.247 [main] WARN  o.s.context.support.ClassPathXmlApplicationContext - Exception encountered during context initialization - cancelling refresh attempt: org.springframework.beans.factory.BeanCreationException: Error creating bean with name 'a' defined in class path resource [application.xml]: Cannot resolve reference to bean 'b' while setting constructor argument; nested exception is org.springframework.beans.factory.BeanCreationException: Error creating bean with name 'b' defined in class path resource [application.xml]: Cannot resolve reference to bean 'c' while setting constructor argument; nested exception is org.springframework.beans.factory.BeanCreationException: Error creating bean with name 'c' defined in class path resource [application.xml]: Cannot resolve reference to bean 'a' while setting constructor argument; nested exception is org.springframework.beans.factory.BeanCurrentlyInCreationException: Error creating bean with name 'a': Requested bean is currently in creation: Is there an unresolvable circular reference?
2020-10-15 13:49:27.415 [main] INFO  o.s.b.t.context.SpringBootTestContextBootstrapper - Neither @ContextConfiguration nor @ContextHierarchy found for test class [com.lkl.demomsb.Test], using SpringBootContextLoader
2020-10-15 13:49:27.443 [main] INFO  o.s.test.context.support.AbstractContextLoader - Could not detect default resource locations for test class [com.lkl.demomsb.Test]: no resource found for suffixes {-context.xml, Context.groovy}.
2020-10-15 13:49:27.444 [main] INFO  o.s.t.c.support.AnnotationConfigContextLoaderUtils - Could not detect default configuration classes for test class [com.lkl.demomsb.Test]: Test does not declare any static, non-private, non-final, nested classes annotated with @Configuration.
2020-10-15 13:49:27.815 [main] INFO  o.s.b.t.context.SpringBootTestContextBootstrapper - Found @SpringBootConfiguration com.lkl.demomsb.DemomsbApplication for test class com.lkl.demomsb.Test
2020-10-15 13:49:27.989 [main] INFO  o.s.b.t.context.SpringBootTestContextBootstrapper - Loaded default TestExecutionListener class names from location [META-INF/spring.factories]: [org.springframework.boot.test.mock.mockito.MockitoTestExecutionListener, org.springframework.boot.test.mock.mockito.ResetMocksTestExecutionListener, org.springframework.boot.test.autoconfigure.restdocs.RestDocsTestExecutionListener, org.springframework.boot.test.autoconfigure.web.client.MockRestServiceServerResetTestExecutionListener, org.springframework.boot.test.autoconfigure.web.servlet.MockMvcPrintOnlyOnFailureTestExecutionListener, org.springframework.boot.test.autoconfigure.web.servlet.WebDriverTestExecutionListener, org.springframework.test.context.web.ServletTestExecutionListener, org.springframework.test.context.support.DirtiesContextBeforeModesTestExecutionListener, org.springframework.test.context.support.DependencyInjectionTestExecutionListener, org.springframework.test.context.support.DirtiesContextTestExecutionListener, org.springframework.test.context.transaction.TransactionalTestExecutionListener, org.springframework.test.context.jdbc.SqlScriptsTestExecutionListener, org.springframework.test.context.event.EventPublishingTestExecutionListener]
2020-10-15 13:49:28.020 [main] INFO  o.s.b.t.context.SpringBootTestContextBootstrapper - Using TestExecutionListeners: [org.springframework.test.context.web.ServletTestExecutionListener@5b64c4b7, org.springframework.test.context.support.DirtiesContextBeforeModesTestExecutionListener@4763c727, org.springframework.boot.test.mock.mockito.MockitoTestExecutionListener@72445aba, org.springframework.boot.test.autoconfigure.SpringBootDependencyInjectionTestExecutionListener@61bcd567, org.springframework.test.context.support.DirtiesContextTestExecutionListener@1c80e49b, org.springframework.test.context.transaction.TransactionalTestExecutionListener@458342d3, org.springframework.test.context.jdbc.SqlScriptsTestExecutionListener@15c25153, org.springframework.test.context.event.EventPublishingTestExecutionListener@1252b961, org.springframework.boot.test.mock.mockito.ResetMocksTestExecutionListener@9ed238c, org.springframework.boot.test.autoconfigure.restdocs.RestDocsTestExecutionListener@56276db8, org.springframework.boot.test.autoconfigure.web.client.MockRestServiceServerResetTestExecutionListener@51e8e6e6, org.springframework.boot.test.autoconfigure.web.servlet.MockMvcPrintOnlyOnFailureTestExecutionListener@56f6d40b, org.springframework.boot.test.autoconfigure.web.servlet.WebDriverTestExecutionListener@36676c1a]
2020-10-15 13:49:28.351 [background-preinit] INFO  org.hibernate.validator.internal.util.Version - HV000001: Hibernate Validator 6.0.18.Final
2020-10-15 13:49:28.957 [main] ERROR org.springframework.boot.SpringApplication - Application run failed
java.lang.IllegalStateException: Failed to load property source from location 'classpath:/application.xml'
	at org.springframework.boot.context.config.ConfigFileApplicationListener$Loader.load(ConfigFileApplicationListener.java:545)
	at org.springframework.boot.context.config.ConfigFileApplicationListener$Loader.loadForFileExtension(ConfigFileApplicationListener.java:494)
	at org.springframework.boot.context.config.ConfigFileApplicationListener$Loader.load(ConfigFileApplicationListener.java:464)
	at org.springframework.boot.context.config.ConfigFileApplicationListener$Loader.lambda$null$7(ConfigFileApplicationListener.java:443)
	at java.lang.Iterable.forEach(Iterable.java:75)
	at org.springframework.boot.context.config.ConfigFileApplicationListener$Loader.lambda$load$8(ConfigFileApplicationListener.java:443)
	at java.lang.Iterable.forEach(Iterable.java:75)
	at org.springframework.boot.context.config.ConfigFileApplicationListener$Loader.load(ConfigFileApplicationListener.java:440)
	at org.springframework.boot.context.config.ConfigFileApplicationListener$Loader.lambda$load$0(ConfigFileApplicationListener.java:335)
	at org.springframework.boot.context.config.FilteredPropertySource.apply(FilteredPropertySource.java:54)
	at org.springframework.boot.context.config.ConfigFileApplicationListener$Loader.load(ConfigFileApplicationListener.java:323)
	at org.springframework.boot.context.config.ConfigFileApplicationListener.addPropertySources(ConfigFileApplicationListener.java:214)
	at org.springframework.boot.context.config.ConfigFileApplicationListener.postProcessEnvironment(ConfigFileApplicationListener.java:198)
	at org.springframework.boot.context.config.ConfigFileApplicationListener.onApplicationEnvironmentPreparedEvent(ConfigFileApplicationListener.java:188)
	at org.springframework.boot.context.config.ConfigFileApplicationListener.onApplicationEvent(ConfigFileApplicationListener.java:176)
	at org.springframework.context.event.SimpleApplicationEventMulticaster.doInvokeListener(SimpleApplicationEventMulticaster.java:172)
	at org.springframework.context.event.SimpleApplicationEventMulticaster.invokeListener(SimpleApplicationEventMulticaster.java:165)
	at org.springframework.context.event.SimpleApplicationEventMulticaster.multicastEvent(SimpleApplicationEventMulticaster.java:139)
	at org.springframework.context.event.SimpleApplicationEventMulticaster.multicastEvent(SimpleApplicationEventMulticaster.java:127)
	at org.springframework.boot.context.event.EventPublishingRunListener.environmentPrepared(EventPublishingRunListener.java:76)
	at org.springframework.boot.SpringApplicationRunListeners.environmentPrepared(SpringApplicationRunListeners.java:53)
	at org.springframework.boot.SpringApplication.prepareEnvironment(SpringApplication.java:345)
	at org.springframework.boot.SpringApplication.run(SpringApplication.java:308)
	at org.springframework.boot.test.context.SpringBootContextLoader.loadContext(SpringBootContextLoader.java:126)
	at org.springframework.test.context.cache.DefaultCacheAwareContextLoaderDelegate.loadContextInternal(DefaultCacheAwareContextLoaderDelegate.java:99)
	at org.springframework.test.context.cache.DefaultCacheAwareContextLoaderDelegate.loadContext(DefaultCacheAwareContextLoaderDelegate.java:124)
	at org.springframework.test.context.support.DefaultTestContext.getApplicationContext(DefaultTestContext.java:123)
	at org.springframework.test.context.web.ServletTestExecutionListener.setUpRequestContextIfNecessary(ServletTestExecutionListener.java:190)
	at org.springframework.test.context.web.ServletTestExecutionListener.prepareTestInstance(ServletTestExecutionListener.java:132)
	at org.springframework.test.context.TestContextManager.prepareTestInstance(TestContextManager.java:244)
	at org.springframework.test.context.junit.jupiter.SpringExtension.postProcessTestInstance(SpringExtension.java:98)
	at org.junit.jupiter.engine.descriptor.ClassBasedTestDescriptor.lambda$invokeTestInstancePostProcessors$5(ClassBasedTestDescriptor.java:337)
	at org.junit.jupiter.engine.descriptor.ClassBasedTestDescriptor.executeAndMaskThrowable(ClassBasedTestDescriptor.java:342)
	at org.junit.jupiter.engine.descriptor.ClassBasedTestDescriptor.lambda$invokeTestInstancePostProcessors$6(ClassBasedTestDescriptor.java:337)
	at java.util.stream.ReferencePipeline$3$1.accept(ReferencePipeline.java:193)
	at java.util.stream.ReferencePipeline$2$1.accept(ReferencePipeline.java:175)
	at java.util.ArrayList$ArrayListSpliterator.forEachRemaining(ArrayList.java:1382)
	at java.util.stream.AbstractPipeline.copyInto(AbstractPipeline.java:482)
	at java.util.stream.AbstractPipeline.wrapAndCopyInto(AbstractPipeline.java:472)
	at java.util.stream.StreamSpliterators$WrappingSpliterator.forEachRemaining(StreamSpliterators.java:312)
	at java.util.stream.Streams$ConcatSpliterator.forEachRemaining(Streams.java:743)
	at java.util.stream.Streams$ConcatSpliterator.forEachRemaining(Streams.java:742)
	at java.util.stream.ReferencePipeline$Head.forEach(ReferencePipeline.java:580)
	at org.junit.jupiter.engine.descriptor.ClassBasedTestDescriptor.invokeTestInstancePostProcessors(ClassBasedTestDescriptor.java:336)
	at org.junit.jupiter.engine.descriptor.ClassBasedTestDescriptor.instantiateAndPostProcessTestInstance(ClassBasedTestDescriptor.java:259)
	at org.junit.jupiter.engine.descriptor.ClassBasedTestDescriptor.lambda$testInstancesProvider$2(ClassBasedTestDescriptor.java:252)
	at java.util.Optional.orElseGet(Optional.java:267)
	at org.junit.jupiter.engine.descriptor.ClassBasedTestDescriptor.lambda$testInstancesProvider$3(ClassBasedTestDescriptor.java:251)
	at org.junit.jupiter.engine.execution.TestInstancesProvider.getTestInstances(TestInstancesProvider.java:29)
	at org.junit.jupiter.engine.descriptor.TestMethodTestDescriptor.lambda$prepare$0(TestMethodTestDescriptor.java:106)
	at org.junit.platform.engine.support.hierarchical.ThrowableCollector.execute(ThrowableCollector.java:73)
	at org.junit.jupiter.engine.descriptor.TestMethodTestDescriptor.prepare(TestMethodTestDescriptor.java:105)
	at org.junit.jupiter.engine.descriptor.TestMethodTestDescriptor.prepare(TestMethodTestDescriptor.java:69)
	at org.junit.platform.engine.support.hierarchical.NodeTestTask.lambda$prepare$1(NodeTestTask.java:107)
	at org.junit.platform.engine.support.hierarchical.ThrowableCollector.execute(ThrowableCollector.java:73)
	at org.junit.platform.engine.support.hierarchical.NodeTestTask.prepare(NodeTestTask.java:107)
	at org.junit.platform.engine.support.hierarchical.NodeTestTask.execute(NodeTestTask.java:75)
	at java.util.ArrayList.forEach(ArrayList.java:1257)
	at org.junit.platform.engine.support.hierarchical.SameThreadHierarchicalTestExecutorService.invokeAll(SameThreadHierarchicalTestExecutorService.java:38)
	at org.junit.platform.engine.support.hierarchical.NodeTestTask.lambda$executeRecursively$5(NodeTestTask.java:139)
	at org.junit.platform.engine.support.hierarchical.ThrowableCollector.execute(ThrowableCollector.java:73)
	at org.junit.platform.engine.support.hierarchical.NodeTestTask.lambda$executeRecursively$7(NodeTestTask.java:125)
	at org.junit.platform.engine.support.hierarchical.Node.around(Node.java:135)
	at org.junit.platform.engine.support.hierarchical.NodeTestTask.lambda$executeRecursively$8(NodeTestTask.java:123)
	at org.junit.platform.engine.support.hierarchical.ThrowableCollector.execute(ThrowableCollector.java:73)
	at org.junit.platform.engine.support.hierarchical.NodeTestTask.executeRecursively(NodeTestTask.java:122)
	at org.junit.platform.engine.support.hierarchical.NodeTestTask.execute(NodeTestTask.java:80)
	at java.util.ArrayList.forEach(ArrayList.java:1257)
	at org.junit.platform.engine.support.hierarchical.SameThreadHierarchicalTestExecutorService.invokeAll(SameThreadHierarchicalTestExecutorService.java:38)
	at org.junit.platform.engine.support.hierarchical.NodeTestTask.lambda$executeRecursively$5(NodeTestTask.java:139)
	at org.junit.platform.engine.support.hierarchical.ThrowableCollector.execute(ThrowableCollector.java:73)
	at org.junit.platform.engine.support.hierarchical.NodeTestTask.lambda$executeRecursively$7(NodeTestTask.java:125)
	at org.junit.platform.engine.support.hierarchical.Node.around(Node.java:135)
	at org.junit.platform.engine.support.hierarchical.NodeTestTask.lambda$executeRecursively$8(NodeTestTask.java:123)
	at org.junit.platform.engine.support.hierarchical.ThrowableCollector.execute(ThrowableCollector.java:73)
	at org.junit.platform.engine.support.hierarchical.NodeTestTask.executeRecursively(NodeTestTask.java:122)
	at org.junit.platform.engine.support.hierarchical.NodeTestTask.execute(NodeTestTask.java:80)
	at org.junit.platform.engine.support.hierarchical.SameThreadHierarchicalTestExecutorService.submit(SameThreadHierarchicalTestExecutorService.java:32)
	at org.junit.platform.engine.support.hierarchical.HierarchicalTestExecutor.execute(HierarchicalTestExecutor.java:57)
	at org.junit.platform.engine.support.hierarchical.HierarchicalTestEngine.execute(HierarchicalTestEngine.java:51)
	at org.junit.platform.launcher.core.DefaultLauncher.execute(DefaultLauncher.java:229)
	at org.junit.platform.launcher.core.DefaultLauncher.lambda$execute$6(DefaultLauncher.java:197)
	at org.junit.platform.launcher.core.DefaultLauncher.withInterceptedStreams(DefaultLauncher.java:211)
	at org.junit.platform.launcher.core.DefaultLauncher.execute(DefaultLauncher.java:191)
	at org.junit.platform.launcher.core.DefaultLauncher.execute(DefaultLauncher.java:128)
	at com.intellij.junit5.JUnit5IdeaTestRunner.startRunnerWithArgs(JUnit5IdeaTestRunner.java:69)
	at com.intellij.rt.junit.IdeaTestRunner$Repeater.startRunnerWithArgs(IdeaTestRunner.java:33)
	at com.intellij.rt.junit.JUnitStarter.prepareStreamsAndStart(JUnitStarter.java:230)
	at com.intellij.rt.junit.JUnitStarter.main(JUnitStarter.java:58)
Caused by: java.util.InvalidPropertiesFormatException: org.xml.sax.SAXParseException; lineNumber: 4; columnNumber: 134; 文档根元素 "beans" 必须匹配 DOCTYPE 根 "null"。
	at sun.util.xml.PlatformXmlPropertiesProvider.load(PlatformXmlPropertiesProvider.java:80)
	at java.util.Properties$XmlSupport.load(Properties.java:1201)
	at java.util.Properties.loadFromXML(Properties.java:881)
	at org.springframework.core.io.support.PropertiesLoaderUtils.fillProperties(PropertiesLoaderUtils.java:137)
	at org.springframework.core.io.support.PropertiesLoaderUtils.loadProperties(PropertiesLoaderUtils.java:122)
	at org.springframework.boot.env.PropertiesPropertySourceLoader.loadProperties(PropertiesPropertySourceLoader.java:59)
	at org.springframework.boot.env.PropertiesPropertySourceLoader.load(PropertiesPropertySourceLoader.java:47)
	at org.springframework.boot.context.config.ConfigFileApplicationListener$Loader.loadDocuments(ConfigFileApplicationListener.java:562)
	at org.springframework.boot.context.config.ConfigFileApplicationListener$Loader.load(ConfigFileApplicationListener.java:518)
	... 88 common frames omitted
Caused by: org.xml.sax.SAXParseException: 文档根元素 "beans" 必须匹配 DOCTYPE 根 "null"。
	at com.sun.org.apache.xerces.internal.util.ErrorHandlerWrapper.createSAXParseException(ErrorHandlerWrapper.java:203)
	at com.sun.org.apache.xerces.internal.util.ErrorHandlerWrapper.error(ErrorHandlerWrapper.java:134)
	at com.sun.org.apache.xerces.internal.impl.XMLErrorReporter.reportError(XMLErrorReporter.java:396)
	at com.sun.org.apache.xerces.internal.impl.XMLErrorReporter.reportError(XMLErrorReporter.java:327)
	at com.sun.org.apache.xerces.internal.impl.XMLErrorReporter.reportError(XMLErrorReporter.java:284)
	at com.sun.org.apache.xerces.internal.impl.dtd.XMLDTDValidator.rootElementSpecified(XMLDTDValidator.java:1599)
	at com.sun.org.apache.xerces.internal.impl.dtd.XMLDTDValidator.handleStartElement(XMLDTDValidator.java:1877)
	at com.sun.org.apache.xerces.internal.impl.dtd.XMLDTDValidator.startElement(XMLDTDValidator.java:742)
	at com.sun.org.apache.xerces.internal.impl.XMLDocumentFragmentScannerImpl.scanStartElement(XMLDocumentFragmentScannerImpl.java:1359)
	at com.sun.org.apache.xerces.internal.impl.XMLDocumentScannerImpl$ContentDriver.scanRootElementHook(XMLDocumentScannerImpl.java:1289)
	at com.sun.org.apache.xerces.internal.impl.XMLDocumentFragmentScannerImpl$FragmentContentDriver.next(XMLDocumentFragmentScannerImpl.java:3132)
	at com.sun.org.apache.xerces.internal.impl.XMLDocumentScannerImpl$PrologDriver.next(XMLDocumentScannerImpl.java:852)
	at com.sun.org.apache.xerces.internal.impl.XMLDocumentScannerImpl.next(XMLDocumentScannerImpl.java:602)
	at com.sun.org.apache.xerces.internal.impl.XMLDocumentFragmentScannerImpl.scanDocument(XMLDocumentFragmentScannerImpl.java:505)
	at com.sun.org.apache.xerces.internal.parsers.XML11Configuration.parse(XML11Configuration.java:842)
	at com.sun.org.apache.xerces.internal.parsers.XML11Configuration.parse(XML11Configuration.java:771)
	at com.sun.org.apache.xerces.internal.parsers.XMLParser.parse(XMLParser.java:141)
	at com.sun.org.apache.xerces.internal.parsers.DOMParser.parse(DOMParser.java:243)
	at com.sun.org.apache.xerces.internal.jaxp.DocumentBuilderImpl.parse(DocumentBuilderImpl.java:339)
	at sun.util.xml.PlatformXmlPropertiesProvider.getLoadingDoc(PlatformXmlPropertiesProvider.java:106)
	at sun.util.xml.PlatformXmlPropertiesProvider.load(PlatformXmlPropertiesProvider.java:78)
	... 96 common frames omitted
2020-10-15 13:49:28.969 [main] ERROR o.springframework.test.context.TestContextManager - Caught exception while allowing TestExecutionListener [org.springframework.test.context.web.ServletTestExecutionListener@5b64c4b7] to prepare test instance [com.lkl.demomsb.Test@f713686]
java.lang.IllegalStateException: Failed to load ApplicationContext
	at org.springframework.test.context.cache.DefaultCacheAwareContextLoaderDelegate.loadContext(DefaultCacheAwareContextLoaderDelegate.java:132)
	at org.springframework.test.context.support.DefaultTestContext.getApplicationContext(DefaultTestContext.java:123)
	at org.springframework.test.context.web.ServletTestExecutionListener.setUpRequestContextIfNecessary(ServletTestExecutionListener.java:190)
	at org.springframework.test.context.web.ServletTestExecutionListener.prepareTestInstance(ServletTestExecutionListener.java:132)
	at org.springframework.test.context.TestContextManager.prepareTestInstance(TestContextManager.java:244)
	at org.springframework.test.context.junit.jupiter.SpringExtension.postProcessTestInstance(SpringExtension.java:98)
	at org.junit.jupiter.engine.descriptor.ClassBasedTestDescriptor.lambda$invokeTestInstancePostProcessors$5(ClassBasedTestDescriptor.java:337)
	at org.junit.jupiter.engine.descriptor.ClassBasedTestDescriptor.executeAndMaskThrowable(ClassBasedTestDescriptor.java:342)
	at org.junit.jupiter.engine.descriptor.ClassBasedTestDescriptor.lambda$invokeTestInstancePostProcessors$6(ClassBasedTestDescriptor.java:337)
	at java.util.stream.ReferencePipeline$3$1.accept(ReferencePipeline.java:193)
	at java.util.stream.ReferencePipeline$2$1.accept(ReferencePipeline.java:175)
	at java.util.ArrayList$ArrayListSpliterator.forEachRemaining(ArrayList.java:1382)
	at java.util.stream.AbstractPipeline.copyInto(AbstractPipeline.java:482)
	at java.util.stream.AbstractPipeline.wrapAndCopyInto(AbstractPipeline.java:472)
	at java.util.stream.StreamSpliterators$WrappingSpliterator.forEachRemaining(StreamSpliterators.java:312)
	at java.util.stream.Streams$ConcatSpliterator.forEachRemaining(Streams.java:743)
	at java.util.stream.Streams$ConcatSpliterator.forEachRemaining(Streams.java:742)
	at java.util.stream.ReferencePipeline$Head.forEach(ReferencePipeline.java:580)
	at org.junit.jupiter.engine.descriptor.ClassBasedTestDescriptor.invokeTestInstancePostProcessors(ClassBasedTestDescriptor.java:336)
	at org.junit.jupiter.engine.descriptor.ClassBasedTestDescriptor.instantiateAndPostProcessTestInstance(ClassBasedTestDescriptor.java:259)
	at org.junit.jupiter.engine.descriptor.ClassBasedTestDescriptor.lambda$testInstancesProvider$2(ClassBasedTestDescriptor.java:252)
	at java.util.Optional.orElseGet(Optional.java:267)
	at org.junit.jupiter.engine.descriptor.ClassBasedTestDescriptor.lambda$testInstancesProvider$3(ClassBasedTestDescriptor.java:251)
	at org.junit.jupiter.engine.execution.TestInstancesProvider.getTestInstances(TestInstancesProvider.java:29)
	at org.junit.jupiter.engine.descriptor.TestMethodTestDescriptor.lambda$prepare$0(TestMethodTestDescriptor.java:106)
	at org.junit.platform.engine.support.hierarchical.ThrowableCollector.execute(ThrowableCollector.java:73)
	at org.junit.jupiter.engine.descriptor.TestMethodTestDescriptor.prepare(TestMethodTestDescriptor.java:105)
	at org.junit.jupiter.engine.descriptor.TestMethodTestDescriptor.prepare(TestMethodTestDescriptor.java:69)
	at org.junit.platform.engine.support.hierarchical.NodeTestTask.lambda$prepare$1(NodeTestTask.java:107)
	at org.junit.platform.engine.support.hierarchical.ThrowableCollector.execute(ThrowableCollector.java:73)
	at org.junit.platform.engine.support.hierarchical.NodeTestTask.prepare(NodeTestTask.java:107)
	at org.junit.platform.engine.support.hierarchical.NodeTestTask.execute(NodeTestTask.java:75)
	at java.util.ArrayList.forEach(ArrayList.java:1257)
	at org.junit.platform.engine.support.hierarchical.SameThreadHierarchicalTestExecutorService.invokeAll(SameThreadHierarchicalTestExecutorService.java:38)
	at org.junit.platform.engine.support.hierarchical.NodeTestTask.lambda$executeRecursively$5(NodeTestTask.java:139)
	at org.junit.platform.engine.support.hierarchical.ThrowableCollector.execute(ThrowableCollector.java:73)
	at org.junit.platform.engine.support.hierarchical.NodeTestTask.lambda$executeRecursively$7(NodeTestTask.java:125)
	at org.junit.platform.engine.support.hierarchical.Node.around(Node.java:135)
	at org.junit.platform.engine.support.hierarchical.NodeTestTask.lambda$executeRecursively$8(NodeTestTask.java:123)
	at org.junit.platform.engine.support.hierarchical.ThrowableCollector.execute(ThrowableCollector.java:73)
	at org.junit.platform.engine.support.hierarchical.NodeTestTask.executeRecursively(NodeTestTask.java:122)
	at org.junit.platform.engine.support.hierarchical.NodeTestTask.execute(NodeTestTask.java:80)
	at java.util.ArrayList.forEach(ArrayList.java:1257)
	at org.junit.platform.engine.support.hierarchical.SameThreadHierarchicalTestExecutorService.invokeAll(SameThreadHierarchicalTestExecutorService.java:38)
	at org.junit.platform.engine.support.hierarchical.NodeTestTask.lambda$executeRecursively$5(NodeTestTask.java:139)
	at org.junit.platform.engine.support.hierarchical.ThrowableCollector.execute(ThrowableCollector.java:73)
	at org.junit.platform.engine.support.hierarchical.NodeTestTask.lambda$executeRecursively$7(NodeTestTask.java:125)
	at org.junit.platform.engine.support.hierarchical.Node.around(Node.java:135)
	at org.junit.platform.engine.support.hierarchical.NodeTestTask.lambda$executeRecursively$8(NodeTestTask.java:123)
	at org.junit.platform.engine.support.hierarchical.ThrowableCollector.execute(ThrowableCollector.java:73)
	at org.junit.platform.engine.support.hierarchical.NodeTestTask.executeRecursively(NodeTestTask.java:122)
	at org.junit.platform.engine.support.hierarchical.NodeTestTask.execute(NodeTestTask.java:80)
	at org.junit.platform.engine.support.hierarchical.SameThreadHierarchicalTestExecutorService.submit(SameThreadHierarchicalTestExecutorService.java:32)
	at org.junit.platform.engine.support.hierarchical.HierarchicalTestExecutor.execute(HierarchicalTestExecutor.java:57)
	at org.junit.platform.engine.support.hierarchical.HierarchicalTestEngine.execute(HierarchicalTestEngine.java:51)
	at org.junit.platform.launcher.core.DefaultLauncher.execute(DefaultLauncher.java:229)
	at org.junit.platform.launcher.core.DefaultLauncher.lambda$execute$6(DefaultLauncher.java:197)
	at org.junit.platform.launcher.core.DefaultLauncher.withInterceptedStreams(DefaultLauncher.java:211)
	at org.junit.platform.launcher.core.DefaultLauncher.execute(DefaultLauncher.java:191)
	at org.junit.platform.launcher.core.DefaultLauncher.execute(DefaultLauncher.java:128)
	at com.intellij.junit5.JUnit5IdeaTestRunner.startRunnerWithArgs(JUnit5IdeaTestRunner.java:69)
	at com.intellij.rt.junit.IdeaTestRunner$Repeater.startRunnerWithArgs(IdeaTestRunner.java:33)
	at com.intellij.rt.junit.JUnitStarter.prepareStreamsAndStart(JUnitStarter.java:230)
	at com.intellij.rt.junit.JUnitStarter.main(JUnitStarter.java:58)
Caused by: java.lang.IllegalStateException: Failed to load property source from location 'classpath:/application.xml'
	at org.springframework.boot.context.config.ConfigFileApplicationListener$Loader.load(ConfigFileApplicationListener.java:545)
	at org.springframework.boot.context.config.ConfigFileApplicationListener$Loader.loadForFileExtension(ConfigFileApplicationListener.java:494)
	at org.springframework.boot.context.config.ConfigFileApplicationListener$Loader.load(ConfigFileApplicationListener.java:464)
	at org.springframework.boot.context.config.ConfigFileApplicationListener$Loader.lambda$null$7(ConfigFileApplicationListener.java:443)
	at java.lang.Iterable.forEach(Iterable.java:75)
	at org.springframework.boot.context.config.ConfigFileApplicationListener$Loader.lambda$load$8(ConfigFileApplicationListener.java:443)
	at java.lang.Iterable.forEach(Iterable.java:75)
	at org.springframework.boot.context.config.ConfigFileApplicationListener$Loader.load(ConfigFileApplicationListener.java:440)
	at org.springframework.boot.context.config.ConfigFileApplicationListener$Loader.lambda$load$0(ConfigFileApplicationListener.java:335)
	at org.springframework.boot.context.config.FilteredPropertySource.apply(FilteredPropertySource.java:54)
	at org.springframework.boot.context.config.ConfigFileApplicationListener$Loader.load(ConfigFileApplicationListener.java:323)
	at org.springframework.boot.context.config.ConfigFileApplicationListener.addPropertySources(ConfigFileApplicationListener.java:214)
	at org.springframework.boot.context.config.ConfigFileApplicationListener.postProcessEnvironment(ConfigFileApplicationListener.java:198)
	at org.springframework.boot.context.config.ConfigFileApplicationListener.onApplicationEnvironmentPreparedEvent(ConfigFileApplicationListener.java:188)
	at org.springframework.boot.context.config.ConfigFileApplicationListener.onApplicationEvent(ConfigFileApplicationListener.java:176)
	at org.springframework.context.event.SimpleApplicationEventMulticaster.doInvokeListener(SimpleApplicationEventMulticaster.java:172)
	at org.springframework.context.event.SimpleApplicationEventMulticaster.invokeListener(SimpleApplicationEventMulticaster.java:165)
	at org.springframework.context.event.SimpleApplicationEventMulticaster.multicastEvent(SimpleApplicationEventMulticaster.java:139)
	at org.springframework.context.event.SimpleApplicationEventMulticaster.multicastEvent(SimpleApplicationEventMulticaster.java:127)
	at org.springframework.boot.context.event.EventPublishingRunListener.environmentPrepared(EventPublishingRunListener.java:76)
	at org.springframework.boot.SpringApplicationRunListeners.environmentPrepared(SpringApplicationRunListeners.java:53)
	at org.springframework.boot.SpringApplication.prepareEnvironment(SpringApplication.java:345)
	at org.springframework.boot.SpringApplication.run(SpringApplication.java:308)
	at org.springframework.boot.test.context.SpringBootContextLoader.loadContext(SpringBootContextLoader.java:126)
	at org.springframework.test.context.cache.DefaultCacheAwareContextLoaderDelegate.loadContextInternal(DefaultCacheAwareContextLoaderDelegate.java:99)
	at org.springframework.test.context.cache.DefaultCacheAwareContextLoaderDelegate.loadContext(DefaultCacheAwareContextLoaderDelegate.java:124)
	... 63 common frames omitted
Caused by: java.util.InvalidPropertiesFormatException: org.xml.sax.SAXParseException; lineNumber: 4; columnNumber: 134; 文档根元素 "beans" 必须匹配 DOCTYPE 根 "null"。
	at sun.util.xml.PlatformXmlPropertiesProvider.load(PlatformXmlPropertiesProvider.java:80)
	at java.util.Properties$XmlSupport.load(Properties.java:1201)
	at java.util.Properties.loadFromXML(Properties.java:881)
	at org.springframework.core.io.support.PropertiesLoaderUtils.fillProperties(PropertiesLoaderUtils.java:137)
	at org.springframework.core.io.support.PropertiesLoaderUtils.loadProperties(PropertiesLoaderUtils.java:122)
	at org.springframework.boot.env.PropertiesPropertySourceLoader.loadProperties(PropertiesPropertySourceLoader.java:59)
	at org.springframework.boot.env.PropertiesPropertySourceLoader.load(PropertiesPropertySourceLoader.java:47)
	at org.springframework.boot.context.config.ConfigFileApplicationListener$Loader.loadDocuments(ConfigFileApplicationListener.java:562)
	at org.springframework.boot.context.config.ConfigFileApplicationListener$Loader.load(ConfigFileApplicationListener.java:518)
	... 88 common frames omitted
Caused by: org.xml.sax.SAXParseException: 文档根元素 "beans" 必须匹配 DOCTYPE 根 "null"。
	at com.sun.org.apache.xerces.internal.util.ErrorHandlerWrapper.createSAXParseException(ErrorHandlerWrapper.java:203)
	at com.sun.org.apache.xerces.internal.util.ErrorHandlerWrapper.error(ErrorHandlerWrapper.java:134)
	at com.sun.org.apache.xerces.internal.impl.XMLErrorReporter.reportError(XMLErrorReporter.java:396)
	at com.sun.org.apache.xerces.internal.impl.XMLErrorReporter.reportError(XMLErrorReporter.java:327)
	at com.sun.org.apache.xerces.internal.impl.XMLErrorReporter.reportError(XMLErrorReporter.java:284)
	at com.sun.org.apache.xerces.internal.impl.dtd.XMLDTDValidator.rootElementSpecified(XMLDTDValidator.java:1599)
	at com.sun.org.apache.xerces.internal.impl.dtd.XMLDTDValidator.handleStartElement(XMLDTDValidator.java:1877)
	at com.sun.org.apache.xerces.internal.impl.dtd.XMLDTDValidator.startElement(XMLDTDValidator.java:742)
	at com.sun.org.apache.xerces.internal.impl.XMLDocumentFragmentScannerImpl.scanStartElement(XMLDocumentFragmentScannerImpl.java:1359)
	at com.sun.org.apache.xerces.internal.impl.XMLDocumentScannerImpl$ContentDriver.scanRootElementHook(XMLDocumentScannerImpl.java:1289)
	at com.sun.org.apache.xerces.internal.impl.XMLDocumentFragmentScannerImpl$FragmentContentDriver.next(XMLDocumentFragmentScannerImpl.java:3132)
	at com.sun.org.apache.xerces.internal.impl.XMLDocumentScannerImpl$PrologDriver.next(XMLDocumentScannerImpl.java:852)
	at com.sun.org.apache.xerces.internal.impl.XMLDocumentScannerImpl.next(XMLDocumentScannerImpl.java:602)
	at com.sun.org.apache.xerces.internal.impl.XMLDocumentFragmentScannerImpl.scanDocument(XMLDocumentFragmentScannerImpl.java:505)
	at com.sun.org.apache.xerces.internal.parsers.XML11Configuration.parse(XML11Configuration.java:842)
	at com.sun.org.apache.xerces.internal.parsers.XML11Configuration.parse(XML11Configuration.java:771)
	at com.sun.org.apache.xerces.internal.parsers.XMLParser.parse(XMLParser.java:141)
	at com.sun.org.apache.xerces.internal.parsers.DOMParser.parse(DOMParser.java:243)
	at com.sun.org.apache.xerces.internal.jaxp.DocumentBuilderImpl.parse(DocumentBuilderImpl.java:339)
	at sun.util.xml.PlatformXmlPropertiesProvider.getLoadingDoc(PlatformXmlPropertiesProvider.java:106)
	at sun.util.xml.PlatformXmlPropertiesProvider.load(PlatformXmlPropertiesProvider.java:78)
	... 96 common frames omitted
2020-10-15 13:52:49.627 [main] INFO  o.s.b.t.context.SpringBootTestContextBootstrapper - Neither @ContextConfiguration nor @ContextHierarchy found for test class [com.lkl.demomsb.Test], using SpringBootContextLoader
2020-10-15 13:52:49.635 [main] INFO  o.s.test.context.support.AbstractContextLoader - Could not detect default resource locations for test class [com.lkl.demomsb.Test]: no resource found for suffixes {-context.xml, Context.groovy}.
2020-10-15 13:52:49.636 [main] INFO  o.s.t.c.support.AnnotationConfigContextLoaderUtils - Could not detect default configuration classes for test class [com.lkl.demomsb.Test]: Test does not declare any static, non-private, non-final, nested classes annotated with @Configuration.
2020-10-15 13:52:50.231 [main] INFO  o.s.b.t.context.SpringBootTestContextBootstrapper - Found @SpringBootConfiguration com.lkl.demomsb.DemomsbApplication for test class com.lkl.demomsb.Test
2020-10-15 13:52:50.416 [main] INFO  o.s.b.t.context.SpringBootTestContextBootstrapper - Loaded default TestExecutionListener class names from location [META-INF/spring.factories]: [org.springframework.boot.test.mock.mockito.MockitoTestExecutionListener, org.springframework.boot.test.mock.mockito.ResetMocksTestExecutionListener, org.springframework.boot.test.autoconfigure.restdocs.RestDocsTestExecutionListener, org.springframework.boot.test.autoconfigure.web.client.MockRestServiceServerResetTestExecutionListener, org.springframework.boot.test.autoconfigure.web.servlet.MockMvcPrintOnlyOnFailureTestExecutionListener, org.springframework.boot.test.autoconfigure.web.servlet.WebDriverTestExecutionListener, org.springframework.test.context.web.ServletTestExecutionListener, org.springframework.test.context.support.DirtiesContextBeforeModesTestExecutionListener, org.springframework.test.context.support.DependencyInjectionTestExecutionListener, org.springframework.test.context.support.DirtiesContextTestExecutionListener, org.springframework.test.context.transaction.TransactionalTestExecutionListener, org.springframework.test.context.jdbc.SqlScriptsTestExecutionListener, org.springframework.test.context.event.EventPublishingTestExecutionListener]
2020-10-15 13:52:50.441 [main] INFO  o.s.b.t.context.SpringBootTestContextBootstrapper - Using TestExecutionListeners: [org.springframework.test.context.web.ServletTestExecutionListener@5b64c4b7, org.springframework.test.context.support.DirtiesContextBeforeModesTestExecutionListener@4763c727, org.springframework.boot.test.mock.mockito.MockitoTestExecutionListener@72445aba, org.springframework.boot.test.autoconfigure.SpringBootDependencyInjectionTestExecutionListener@61bcd567, org.springframework.test.context.support.DirtiesContextTestExecutionListener@1c80e49b, org.springframework.test.context.transaction.TransactionalTestExecutionListener@458342d3, org.springframework.test.context.jdbc.SqlScriptsTestExecutionListener@15c25153, org.springframework.test.context.event.EventPublishingTestExecutionListener@1252b961, org.springframework.boot.test.mock.mockito.ResetMocksTestExecutionListener@9ed238c, org.springframework.boot.test.autoconfigure.restdocs.RestDocsTestExecutionListener@56276db8, org.springframework.boot.test.autoconfigure.web.client.MockRestServiceServerResetTestExecutionListener@51e8e6e6, org.springframework.boot.test.autoconfigure.web.servlet.MockMvcPrintOnlyOnFailureTestExecutionListener@56f6d40b, org.springframework.boot.test.autoconfigure.web.servlet.WebDriverTestExecutionListener@36676c1a]
2020-10-15 13:52:51.208 [main] INFO  com.lkl.demomsb.Test - Starting Test on DESKTOP-LAKALA with PID 15164 (started by gg in E:\ideaProject\demomsb)
2020-10-15 13:52:51.209 [main] INFO  com.lkl.demomsb.Test - No active profile set, falling back to default profiles: default
2020-10-15 13:55:00.646 [main] INFO  o.s.scheduling.concurrent.ThreadPoolTaskExecutor - Initializing ExecutorService 'applicationTaskExecutor'
2020-10-15 13:55:03.192 [main] INFO  com.lkl.demomsb.Test - Started Test in 132.669 seconds (JVM running for 134.841)
2020-10-15 13:57:03.026 [SpringContextShutdownHook] INFO  o.s.scheduling.concurrent.ThreadPoolTaskExecutor - Shutting down ExecutorService 'applicationTaskExecutor'
2020-10-15 13:57:03.027 [SpringContextShutdownHook] INFO  com.alibaba.druid.pool.DruidDataSource - {dataSource-0} closing ...
2020-10-15 13:57:10.130 [main] INFO  o.s.b.t.context.SpringBootTestContextBootstrapper - Neither @ContextConfiguration nor @ContextHierarchy found for test class [com.lkl.demomsb.Test], using SpringBootContextLoader
2020-10-15 13:57:10.139 [main] INFO  o.s.test.context.support.AbstractContextLoader - Could not detect default resource locations for test class [com.lkl.demomsb.Test]: no resource found for suffixes {-context.xml, Context.groovy}.
2020-10-15 13:57:10.139 [main] INFO  o.s.t.c.support.AnnotationConfigContextLoaderUtils - Could not detect default configuration classes for test class [com.lkl.demomsb.Test]: Test does not declare any static, non-private, non-final, nested classes annotated with @Configuration.
2020-10-15 13:57:10.280 [main] INFO  o.s.b.t.context.SpringBootTestContextBootstrapper - Found @SpringBootConfiguration com.lkl.demomsb.DemomsbApplication for test class com.lkl.demomsb.Test
2020-10-15 13:57:10.440 [main] INFO  o.s.b.t.context.SpringBootTestContextBootstrapper - Loaded default TestExecutionListener class names from location [META-INF/spring.factories]: [org.springframework.boot.test.mock.mockito.MockitoTestExecutionListener, org.springframework.boot.test.mock.mockito.ResetMocksTestExecutionListener, org.springframework.boot.test.autoconfigure.restdocs.RestDocsTestExecutionListener, org.springframework.boot.test.autoconfigure.web.client.MockRestServiceServerResetTestExecutionListener, org.springframework.boot.test.autoconfigure.web.servlet.MockMvcPrintOnlyOnFailureTestExecutionListener, org.springframework.boot.test.autoconfigure.web.servlet.WebDriverTestExecutionListener, org.springframework.test.context.web.ServletTestExecutionListener, org.springframework.test.context.support.DirtiesContextBeforeModesTestExecutionListener, org.springframework.test.context.support.DependencyInjectionTestExecutionListener, org.springframework.test.context.support.DirtiesContextTestExecutionListener, org.springframework.test.context.transaction.TransactionalTestExecutionListener, org.springframework.test.context.jdbc.SqlScriptsTestExecutionListener, org.springframework.test.context.event.EventPublishingTestExecutionListener]
2020-10-15 13:57:10.464 [main] INFO  o.s.b.t.context.SpringBootTestContextBootstrapper - Using TestExecutionListeners: [org.springframework.test.context.web.ServletTestExecutionListener@5b64c4b7, org.springframework.test.context.support.DirtiesContextBeforeModesTestExecutionListener@4763c727, org.springframework.boot.test.mock.mockito.MockitoTestExecutionListener@72445aba, org.springframework.boot.test.autoconfigure.SpringBootDependencyInjectionTestExecutionListener@61bcd567, org.springframework.test.context.support.DirtiesContextTestExecutionListener@1c80e49b, org.springframework.test.context.transaction.TransactionalTestExecutionListener@458342d3, org.springframework.test.context.jdbc.SqlScriptsTestExecutionListener@15c25153, org.springframework.test.context.event.EventPublishingTestExecutionListener@1252b961, org.springframework.boot.test.mock.mockito.ResetMocksTestExecutionListener@9ed238c, org.springframework.boot.test.autoconfigure.restdocs.RestDocsTestExecutionListener@56276db8, org.springframework.boot.test.autoconfigure.web.client.MockRestServiceServerResetTestExecutionListener@51e8e6e6, org.springframework.boot.test.autoconfigure.web.servlet.MockMvcPrintOnlyOnFailureTestExecutionListener@56f6d40b, org.springframework.boot.test.autoconfigure.web.servlet.WebDriverTestExecutionListener@36676c1a]
2020-10-15 13:57:10.791 [main] INFO  com.lkl.demomsb.Test - Starting Test on DESKTOP-LAKALA with PID 15028 (started by gg in E:\ideaProject\demomsb)
2020-10-15 13:57:10.791 [main] INFO  com.lkl.demomsb.Test - No active profile set, falling back to default profiles: default
2020-10-15 13:57:16.235 [main] INFO  o.s.scheduling.concurrent.ThreadPoolTaskExecutor - Initializing ExecutorService 'applicationTaskExecutor'
2020-10-15 13:57:18.647 [main] INFO  com.lkl.demomsb.Test - Started Test in 8.124 seconds (JVM running for 9.454)
2020-10-15 13:57:34.987 [SpringContextShutdownHook] INFO  o.s.scheduling.concurrent.ThreadPoolTaskExecutor - Shutting down ExecutorService 'applicationTaskExecutor'
2020-10-15 13:57:34.992 [SpringContextShutdownHook] INFO  com.alibaba.druid.pool.DruidDataSource - {dataSource-0} closing ...
2020-10-15 13:58:14.250 [main] INFO  o.s.b.t.context.SpringBootTestContextBootstrapper - Neither @ContextConfiguration nor @ContextHierarchy found for test class [com.lkl.demomsb.Test], using SpringBootContextLoader
2020-10-15 13:58:14.258 [main] INFO  o.s.test.context.support.AbstractContextLoader - Could not detect default resource locations for test class [com.lkl.demomsb.Test]: no resource found for suffixes {-context.xml, Context.groovy}.
2020-10-15 13:58:14.259 [main] INFO  o.s.t.c.support.AnnotationConfigContextLoaderUtils - Could not detect default configuration classes for test class [com.lkl.demomsb.Test]: Test does not declare any static, non-private, non-final, nested classes annotated with @Configuration.
2020-10-15 13:58:14.403 [main] INFO  o.s.b.t.context.SpringBootTestContextBootstrapper - Found @SpringBootConfiguration com.lkl.demomsb.DemomsbApplication for test class com.lkl.demomsb.Test
2020-10-15 13:58:14.552 [main] INFO  o.s.b.t.context.SpringBootTestContextBootstrapper - Loaded default TestExecutionListener class names from location [META-INF/spring.factories]: [org.springframework.boot.test.mock.mockito.MockitoTestExecutionListener, org.springframework.boot.test.mock.mockito.ResetMocksTestExecutionListener, org.springframework.boot.test.autoconfigure.restdocs.RestDocsTestExecutionListener, org.springframework.boot.test.autoconfigure.web.client.MockRestServiceServerResetTestExecutionListener, org.springframework.boot.test.autoconfigure.web.servlet.MockMvcPrintOnlyOnFailureTestExecutionListener, org.springframework.boot.test.autoconfigure.web.servlet.WebDriverTestExecutionListener, org.springframework.test.context.web.ServletTestExecutionListener, org.springframework.test.context.support.DirtiesContextBeforeModesTestExecutionListener, org.springframework.test.context.support.DependencyInjectionTestExecutionListener, org.springframework.test.context.support.DirtiesContextTestExecutionListener, org.springframework.test.context.transaction.TransactionalTestExecutionListener, org.springframework.test.context.jdbc.SqlScriptsTestExecutionListener, org.springframework.test.context.event.EventPublishingTestExecutionListener]
2020-10-15 13:58:14.578 [main] INFO  o.s.b.t.context.SpringBootTestContextBootstrapper - Using TestExecutionListeners: [org.springframework.test.context.web.ServletTestExecutionListener@5b64c4b7, org.springframework.test.context.support.DirtiesContextBeforeModesTestExecutionListener@4763c727, org.springframework.boot.test.mock.mockito.MockitoTestExecutionListener@72445aba, org.springframework.boot.test.autoconfigure.SpringBootDependencyInjectionTestExecutionListener@61bcd567, org.springframework.test.context.support.DirtiesContextTestExecutionListener@1c80e49b, org.springframework.test.context.transaction.TransactionalTestExecutionListener@458342d3, org.springframework.test.context.jdbc.SqlScriptsTestExecutionListener@15c25153, org.springframework.test.context.event.EventPublishingTestExecutionListener@1252b961, org.springframework.boot.test.mock.mockito.ResetMocksTestExecutionListener@9ed238c, org.springframework.boot.test.autoconfigure.restdocs.RestDocsTestExecutionListener@56276db8, org.springframework.boot.test.autoconfigure.web.client.MockRestServiceServerResetTestExecutionListener@51e8e6e6, org.springframework.boot.test.autoconfigure.web.servlet.MockMvcPrintOnlyOnFailureTestExecutionListener@56f6d40b, org.springframework.boot.test.autoconfigure.web.servlet.WebDriverTestExecutionListener@36676c1a]
2020-10-15 13:58:14.874 [main] INFO  com.lkl.demomsb.Test - Starting Test on DESKTOP-LAKALA with PID 5964 (started by gg in E:\ideaProject\demomsb)
2020-10-15 13:58:14.874 [main] INFO  com.lkl.demomsb.Test - No active profile set, falling back to default profiles: default
2020-10-15 13:58:20.433 [main] INFO  o.s.scheduling.concurrent.ThreadPoolTaskExecutor - Initializing ExecutorService 'applicationTaskExecutor'
2020-10-15 13:58:22.902 [main] INFO  com.lkl.demomsb.Test - Started Test in 8.27 seconds (JVM running for 9.616)
2020-10-15 13:58:45.598 [SpringContextShutdownHook] INFO  o.s.scheduling.concurrent.ThreadPoolTaskExecutor - Shutting down ExecutorService 'applicationTaskExecutor'
2020-10-15 13:58:45.599 [SpringContextShutdownHook] INFO  com.alibaba.druid.pool.DruidDataSource - {dataSource-0} closing ...
2020-10-15 13:58:51.066 [main] INFO  o.s.b.t.context.SpringBootTestContextBootstrapper - Neither @ContextConfiguration nor @ContextHierarchy found for test class [com.lkl.demomsb.Test], using SpringBootContextLoader
2020-10-15 13:58:51.077 [main] INFO  o.s.test.context.support.AbstractContextLoader - Could not detect default resource locations for test class [com.lkl.demomsb.Test]: no resource found for suffixes {-context.xml, Context.groovy}.
2020-10-15 13:58:51.078 [main] INFO  o.s.t.c.support.AnnotationConfigContextLoaderUtils - Could not detect default configuration classes for test class [com.lkl.demomsb.Test]: Test does not declare any static, non-private, non-final, nested classes annotated with @Configuration.
2020-10-15 13:58:51.223 [main] INFO  o.s.b.t.context.SpringBootTestContextBootstrapper - Found @SpringBootConfiguration com.lkl.demomsb.DemomsbApplication for test class com.lkl.demomsb.Test
2020-10-15 13:58:51.367 [main] INFO  o.s.b.t.context.SpringBootTestContextBootstrapper - Loaded default TestExecutionListener class names from location [META-INF/spring.factories]: [org.springframework.boot.test.mock.mockito.MockitoTestExecutionListener, org.springframework.boot.test.mock.mockito.ResetMocksTestExecutionListener, org.springframework.boot.test.autoconfigure.restdocs.RestDocsTestExecutionListener, org.springframework.boot.test.autoconfigure.web.client.MockRestServiceServerResetTestExecutionListener, org.springframework.boot.test.autoconfigure.web.servlet.MockMvcPrintOnlyOnFailureTestExecutionListener, org.springframework.boot.test.autoconfigure.web.servlet.WebDriverTestExecutionListener, org.springframework.test.context.web.ServletTestExecutionListener, org.springframework.test.context.support.DirtiesContextBeforeModesTestExecutionListener, org.springframework.test.context.support.DependencyInjectionTestExecutionListener, org.springframework.test.context.support.DirtiesContextTestExecutionListener, org.springframework.test.context.transaction.TransactionalTestExecutionListener, org.springframework.test.context.jdbc.SqlScriptsTestExecutionListener, org.springframework.test.context.event.EventPublishingTestExecutionListener]
2020-10-15 13:58:51.388 [main] INFO  o.s.b.t.context.SpringBootTestContextBootstrapper - Using TestExecutionListeners: [org.springframework.test.context.web.ServletTestExecutionListener@5b64c4b7, org.springframework.test.context.support.DirtiesContextBeforeModesTestExecutionListener@4763c727, org.springframework.boot.test.mock.mockito.MockitoTestExecutionListener@72445aba, org.springframework.boot.test.autoconfigure.SpringBootDependencyInjectionTestExecutionListener@61bcd567, org.springframework.test.context.support.DirtiesContextTestExecutionListener@1c80e49b, org.springframework.test.context.transaction.TransactionalTestExecutionListener@458342d3, org.springframework.test.context.jdbc.SqlScriptsTestExecutionListener@15c25153, org.springframework.test.context.event.EventPublishingTestExecutionListener@1252b961, org.springframework.boot.test.mock.mockito.ResetMocksTestExecutionListener@9ed238c, org.springframework.boot.test.autoconfigure.restdocs.RestDocsTestExecutionListener@56276db8, org.springframework.boot.test.autoconfigure.web.client.MockRestServiceServerResetTestExecutionListener@51e8e6e6, org.springframework.boot.test.autoconfigure.web.servlet.MockMvcPrintOnlyOnFailureTestExecutionListener@56f6d40b, org.springframework.boot.test.autoconfigure.web.servlet.WebDriverTestExecutionListener@36676c1a]
2020-10-15 13:58:51.781 [main] INFO  com.lkl.demomsb.Test - Starting Test on DESKTOP-LAKALA with PID 17796 (started by gg in E:\ideaProject\demomsb)
2020-10-15 13:58:51.782 [main] INFO  com.lkl.demomsb.Test - No active profile set, falling back to default profiles: default
2020-10-15 13:58:57.451 [main] INFO  o.s.scheduling.concurrent.ThreadPoolTaskExecutor - Initializing ExecutorService 'applicationTaskExecutor'
2020-10-15 13:58:59.867 [main] INFO  com.lkl.demomsb.Test - Started Test in 8.425 seconds (JVM running for 9.76)
2020-10-15 14:01:40.806 [SpringContextShutdownHook] INFO  o.s.scheduling.concurrent.ThreadPoolTaskExecutor - Shutting down ExecutorService 'applicationTaskExecutor'
2020-10-15 14:01:40.808 [SpringContextShutdownHook] INFO  com.alibaba.druid.pool.DruidDataSource - {dataSource-0} closing ...
2020-10-15 14:01:52.297 [main] INFO  o.s.b.t.context.SpringBootTestContextBootstrapper - Neither @ContextConfiguration nor @ContextHierarchy found for test class [com.lkl.demomsb.Test], using SpringBootContextLoader
2020-10-15 14:01:52.310 [main] INFO  o.s.test.context.support.AbstractContextLoader - Could not detect default resource locations for test class [com.lkl.demomsb.Test]: no resource found for suffixes {-context.xml, Context.groovy}.
2020-10-15 14:01:52.311 [main] INFO  o.s.t.c.support.AnnotationConfigContextLoaderUtils - Could not detect default configuration classes for test class [com.lkl.demomsb.Test]: Test does not declare any static, non-private, non-final, nested classes annotated with @Configuration.
2020-10-15 14:01:52.463 [main] INFO  o.s.b.t.context.SpringBootTestContextBootstrapper - Found @SpringBootConfiguration com.lkl.demomsb.DemomsbApplication for test class com.lkl.demomsb.Test
2020-10-15 14:01:52.604 [main] INFO  o.s.b.t.context.SpringBootTestContextBootstrapper - Loaded default TestExecutionListener class names from location [META-INF/spring.factories]: [org.springframework.boot.test.mock.mockito.MockitoTestExecutionListener, org.springframework.boot.test.mock.mockito.ResetMocksTestExecutionListener, org.springframework.boot.test.autoconfigure.restdocs.RestDocsTestExecutionListener, org.springframework.boot.test.autoconfigure.web.client.MockRestServiceServerResetTestExecutionListener, org.springframework.boot.test.autoconfigure.web.servlet.MockMvcPrintOnlyOnFailureTestExecutionListener, org.springframework.boot.test.autoconfigure.web.servlet.WebDriverTestExecutionListener, org.springframework.test.context.web.ServletTestExecutionListener, org.springframework.test.context.support.DirtiesContextBeforeModesTestExecutionListener, org.springframework.test.context.support.DependencyInjectionTestExecutionListener, org.springframework.test.context.support.DirtiesContextTestExecutionListener, org.springframework.test.context.transaction.TransactionalTestExecutionListener, org.springframework.test.context.jdbc.SqlScriptsTestExecutionListener, org.springframework.test.context.event.EventPublishingTestExecutionListener]
2020-10-15 14:01:52.626 [main] INFO  o.s.b.t.context.SpringBootTestContextBootstrapper - Using TestExecutionListeners: [org.springframework.test.context.web.ServletTestExecutionListener@5b64c4b7, org.springframework.test.context.support.DirtiesContextBeforeModesTestExecutionListener@4763c727, org.springframework.boot.test.mock.mockito.MockitoTestExecutionListener@72445aba, org.springframework.boot.test.autoconfigure.SpringBootDependencyInjectionTestExecutionListener@61bcd567, org.springframework.test.context.support.DirtiesContextTestExecutionListener@1c80e49b, org.springframework.test.context.transaction.TransactionalTestExecutionListener@458342d3, org.springframework.test.context.jdbc.SqlScriptsTestExecutionListener@15c25153, org.springframework.test.context.event.EventPublishingTestExecutionListener@1252b961, org.springframework.boot.test.mock.mockito.ResetMocksTestExecutionListener@9ed238c, org.springframework.boot.test.autoconfigure.restdocs.RestDocsTestExecutionListener@56276db8, org.springframework.boot.test.autoconfigure.web.client.MockRestServiceServerResetTestExecutionListener@51e8e6e6, org.springframework.boot.test.autoconfigure.web.servlet.MockMvcPrintOnlyOnFailureTestExecutionListener@56f6d40b, org.springframework.boot.test.autoconfigure.web.servlet.WebDriverTestExecutionListener@36676c1a]
2020-10-15 14:03:40.991 [main] INFO  com.lkl.demomsb.Test - Starting Test on DESKTOP-LAKALA with PID 17964 (started by gg in E:\ideaProject\demomsb)
2020-10-15 14:03:41.462 [main] INFO  com.lkl.demomsb.Test - No active profile set, falling back to default profiles: default
2020-10-15 14:18:41.915 [main] INFO  o.s.b.t.context.SpringBootTestContextBootstrapper - Neither @ContextConfiguration nor @ContextHierarchy found for test class [com.lkl.demomsb.Test], using SpringBootContextLoader
2020-10-15 14:18:41.921 [main] INFO  o.s.test.context.support.AbstractContextLoader - Could not detect default resource locations for test class [com.lkl.demomsb.Test]: no resource found for suffixes {-context.xml, Context.groovy}.
2020-10-15 14:18:41.922 [main] INFO  o.s.t.c.support.AnnotationConfigContextLoaderUtils - Could not detect default configuration classes for test class [com.lkl.demomsb.Test]: Test does not declare any static, non-private, non-final, nested classes annotated with @Configuration.
2020-10-15 14:18:42.027 [main] INFO  o.s.b.t.context.SpringBootTestContextBootstrapper - Found @SpringBootConfiguration com.lkl.demomsb.DemomsbApplication for test class com.lkl.demomsb.Test
2020-10-15 14:18:42.141 [main] INFO  o.s.b.t.context.SpringBootTestContextBootstrapper - Loaded default TestExecutionListener class names from location [META-INF/spring.factories]: [org.springframework.boot.test.mock.mockito.MockitoTestExecutionListener, org.springframework.boot.test.mock.mockito.ResetMocksTestExecutionListener, org.springframework.boot.test.autoconfigure.restdocs.RestDocsTestExecutionListener, org.springframework.boot.test.autoconfigure.web.client.MockRestServiceServerResetTestExecutionListener, org.springframework.boot.test.autoconfigure.web.servlet.MockMvcPrintOnlyOnFailureTestExecutionListener, org.springframework.boot.test.autoconfigure.web.servlet.WebDriverTestExecutionListener, org.springframework.test.context.web.ServletTestExecutionListener, org.springframework.test.context.support.DirtiesContextBeforeModesTestExecutionListener, org.springframework.test.context.support.DependencyInjectionTestExecutionListener, org.springframework.test.context.support.DirtiesContextTestExecutionListener, org.springframework.test.context.transaction.TransactionalTestExecutionListener, org.springframework.test.context.jdbc.SqlScriptsTestExecutionListener, org.springframework.test.context.event.EventPublishingTestExecutionListener]
2020-10-15 14:18:42.165 [main] INFO  o.s.b.t.context.SpringBootTestContextBootstrapper - Using TestExecutionListeners: [org.springframework.test.context.web.ServletTestExecutionListener@431cd9b2, org.springframework.test.context.support.DirtiesContextBeforeModesTestExecutionListener@38467116, org.springframework.boot.test.mock.mockito.MockitoTestExecutionListener@5b7a7f33, org.springframework.boot.test.autoconfigure.SpringBootDependencyInjectionTestExecutionListener@790da477, org.springframework.test.context.support.DirtiesContextTestExecutionListener@5c7933ad, org.springframework.test.context.transaction.TransactionalTestExecutionListener@57bc27f5, org.springframework.test.context.jdbc.SqlScriptsTestExecutionListener@5fb759d6, org.springframework.test.context.event.EventPublishingTestExecutionListener@4b8d604b, org.springframework.boot.test.mock.mockito.ResetMocksTestExecutionListener@5e7cd6cc, org.springframework.boot.test.autoconfigure.restdocs.RestDocsTestExecutionListener@68c9d179, org.springframework.boot.test.autoconfigure.web.client.MockRestServiceServerResetTestExecutionListener@d554c5f, org.springframework.boot.test.autoconfigure.web.servlet.MockMvcPrintOnlyOnFailureTestExecutionListener@2dfaea86, org.springframework.boot.test.autoconfigure.web.servlet.WebDriverTestExecutionListener@15888343]
2020-10-15 14:18:42.494 [main] INFO  com.lkl.demomsb.Test - Starting Test on DESKTOP-LAKALA with PID 3484 (started by gg in E:\ideaProject\demomsb)
2020-10-15 14:18:42.496 [main] INFO  com.lkl.demomsb.Test - No active profile set, falling back to default profiles: default
2020-10-15 14:18:43.793 [main] INFO  o.s.scheduling.concurrent.ThreadPoolTaskExecutor - Initializing ExecutorService 'applicationTaskExecutor'
2020-10-15 14:18:44.079 [main] INFO  com.lkl.demomsb.Test - Started Test in 1.872 seconds (JVM running for 2.89)
2020-10-15 14:18:44.246 [SpringContextShutdownHook] INFO  o.s.scheduling.concurrent.ThreadPoolTaskExecutor - Shutting down ExecutorService 'applicationTaskExecutor'
2020-10-15 14:18:44.247 [SpringContextShutdownHook] INFO  com.alibaba.druid.pool.DruidDataSource - {dataSource-0} closing ...
2020-10-15 14:23:25.419 [main] INFO  o.s.b.t.context.SpringBootTestContextBootstrapper - Neither @ContextConfiguration nor @ContextHierarchy found for test class [com.lkl.demomsb.Test], using SpringBootContextLoader
2020-10-15 14:23:25.426 [main] INFO  o.s.test.context.support.AbstractContextLoader - Could not detect default resource locations for test class [com.lkl.demomsb.Test]: no resource found for suffixes {-context.xml, Context.groovy}.
2020-10-15 14:23:25.427 [main] INFO  o.s.t.c.support.AnnotationConfigContextLoaderUtils - Could not detect default configuration classes for test class [com.lkl.demomsb.Test]: Test does not declare any static, non-private, non-final, nested classes annotated with @Configuration.
2020-10-15 14:23:25.575 [main] INFO  o.s.b.t.context.SpringBootTestContextBootstrapper - Found @SpringBootConfiguration com.lkl.demomsb.DemomsbApplication for test class com.lkl.demomsb.Test
2020-10-15 14:23:25.707 [main] INFO  o.s.b.t.context.SpringBootTestContextBootstrapper - Loaded default TestExecutionListener class names from location [META-INF/spring.factories]: [org.springframework.boot.test.mock.mockito.MockitoTestExecutionListener, org.springframework.boot.test.mock.mockito.ResetMocksTestExecutionListener, org.springframework.boot.test.autoconfigure.restdocs.RestDocsTestExecutionListener, org.springframework.boot.test.autoconfigure.web.client.MockRestServiceServerResetTestExecutionListener, org.springframework.boot.test.autoconfigure.web.servlet.MockMvcPrintOnlyOnFailureTestExecutionListener, org.springframework.boot.test.autoconfigure.web.servlet.WebDriverTestExecutionListener, org.springframework.test.context.web.ServletTestExecutionListener, org.springframework.test.context.support.DirtiesContextBeforeModesTestExecutionListener, org.springframework.test.context.support.DependencyInjectionTestExecutionListener, org.springframework.test.context.support.DirtiesContextTestExecutionListener, org.springframework.test.context.transaction.TransactionalTestExecutionListener, org.springframework.test.context.jdbc.SqlScriptsTestExecutionListener, org.springframework.test.context.event.EventPublishingTestExecutionListener]
2020-10-15 14:23:25.729 [main] INFO  o.s.b.t.context.SpringBootTestContextBootstrapper - Using TestExecutionListeners: [org.springframework.test.context.web.ServletTestExecutionListener@5b64c4b7, org.springframework.test.context.support.DirtiesContextBeforeModesTestExecutionListener@4763c727, org.springframework.boot.test.mock.mockito.MockitoTestExecutionListener@72445aba, org.springframework.boot.test.autoconfigure.SpringBootDependencyInjectionTestExecutionListener@61bcd567, org.springframework.test.context.support.DirtiesContextTestExecutionListener@1c80e49b, org.springframework.test.context.transaction.TransactionalTestExecutionListener@458342d3, org.springframework.test.context.jdbc.SqlScriptsTestExecutionListener@15c25153, org.springframework.test.context.event.EventPublishingTestExecutionListener@1252b961, org.springframework.boot.test.mock.mockito.ResetMocksTestExecutionListener@9ed238c, org.springframework.boot.test.autoconfigure.restdocs.RestDocsTestExecutionListener@56276db8, org.springframework.boot.test.autoconfigure.web.client.MockRestServiceServerResetTestExecutionListener@51e8e6e6, org.springframework.boot.test.autoconfigure.web.servlet.MockMvcPrintOnlyOnFailureTestExecutionListener@56f6d40b, org.springframework.boot.test.autoconfigure.web.servlet.WebDriverTestExecutionListener@36676c1a]
2020-10-15 14:23:26.099 [main] INFO  com.lkl.demomsb.Test - Starting Test on DESKTOP-LAKALA with PID 17292 (started by gg in E:\ideaProject\demomsb)
2020-10-15 14:23:26.099 [main] INFO  com.lkl.demomsb.Test - No active profile set, falling back to default profiles: default
2020-10-15 14:23:31.755 [main] INFO  o.s.scheduling.concurrent.ThreadPoolTaskExecutor - Initializing ExecutorService 'applicationTaskExecutor'
2020-10-15 14:23:34.182 [main] INFO  com.lkl.demomsb.Test - Started Test in 8.392 seconds (JVM running for 9.788)
2020-10-15 14:23:35.053 [SpringContextShutdownHook] INFO  o.s.scheduling.concurrent.ThreadPoolTaskExecutor - Shutting down ExecutorService 'applicationTaskExecutor'
2020-10-15 14:23:35.058 [SpringContextShutdownHook] INFO  com.alibaba.druid.pool.DruidDataSource - {dataSource-0} closing ...
2020-10-15 14:25:27.832 [main] INFO  o.s.b.t.context.SpringBootTestContextBootstrapper - Neither @ContextConfiguration nor @ContextHierarchy found for test class [com.lkl.demomsb.Test], using SpringBootContextLoader
2020-10-15 14:25:27.839 [main] INFO  o.s.test.context.support.AbstractContextLoader - Could not detect default resource locations for test class [com.lkl.demomsb.Test]: no resource found for suffixes {-context.xml, Context.groovy}.
2020-10-15 14:25:27.840 [main] INFO  o.s.t.c.support.AnnotationConfigContextLoaderUtils - Could not detect default configuration classes for test class [com.lkl.demomsb.Test]: Test does not declare any static, non-private, non-final, nested classes annotated with @Configuration.
2020-10-15 14:25:27.980 [main] INFO  o.s.b.t.context.SpringBootTestContextBootstrapper - Found @SpringBootConfiguration com.lkl.demomsb.DemomsbApplication for test class com.lkl.demomsb.Test
2020-10-15 14:25:28.201 [main] INFO  o.s.b.t.context.SpringBootTestContextBootstrapper - Loaded default TestExecutionListener class names from location [META-INF/spring.factories]: [org.springframework.boot.test.mock.mockito.MockitoTestExecutionListener, org.springframework.boot.test.mock.mockito.ResetMocksTestExecutionListener, org.springframework.boot.test.autoconfigure.restdocs.RestDocsTestExecutionListener, org.springframework.boot.test.autoconfigure.web.client.MockRestServiceServerResetTestExecutionListener, org.springframework.boot.test.autoconfigure.web.servlet.MockMvcPrintOnlyOnFailureTestExecutionListener, org.springframework.boot.test.autoconfigure.web.servlet.WebDriverTestExecutionListener, org.springframework.test.context.web.ServletTestExecutionListener, org.springframework.test.context.support.DirtiesContextBeforeModesTestExecutionListener, org.springframework.test.context.support.DependencyInjectionTestExecutionListener, org.springframework.test.context.support.DirtiesContextTestExecutionListener, org.springframework.test.context.transaction.TransactionalTestExecutionListener, org.springframework.test.context.jdbc.SqlScriptsTestExecutionListener, org.springframework.test.context.event.EventPublishingTestExecutionListener]
2020-10-15 14:25:28.236 [main] INFO  o.s.b.t.context.SpringBootTestContextBootstrapper - Using TestExecutionListeners: [org.springframework.test.context.web.ServletTestExecutionListener@5b64c4b7, org.springframework.test.context.support.DirtiesContextBeforeModesTestExecutionListener@4763c727, org.springframework.boot.test.mock.mockito.MockitoTestExecutionListener@72445aba, org.springframework.boot.test.autoconfigure.SpringBootDependencyInjectionTestExecutionListener@61bcd567, org.springframework.test.context.support.DirtiesContextTestExecutionListener@1c80e49b, org.springframework.test.context.transaction.TransactionalTestExecutionListener@458342d3, org.springframework.test.context.jdbc.SqlScriptsTestExecutionListener@15c25153, org.springframework.test.context.event.EventPublishingTestExecutionListener@1252b961, org.springframework.boot.test.mock.mockito.ResetMocksTestExecutionListener@9ed238c, org.springframework.boot.test.autoconfigure.restdocs.RestDocsTestExecutionListener@56276db8, org.springframework.boot.test.autoconfigure.web.client.MockRestServiceServerResetTestExecutionListener@51e8e6e6, org.springframework.boot.test.autoconfigure.web.servlet.MockMvcPrintOnlyOnFailureTestExecutionListener@56f6d40b, org.springframework.boot.test.autoconfigure.web.servlet.WebDriverTestExecutionListener@36676c1a]
2020-10-15 14:25:28.802 [main] INFO  com.lkl.demomsb.Test - Starting Test on DESKTOP-LAKALA with PID 1760 (started by gg in E:\ideaProject\demomsb)
2020-10-15 14:25:28.803 [main] INFO  com.lkl.demomsb.Test - No active profile set, falling back to default profiles: default
2020-10-15 14:25:34.662 [main] INFO  o.s.scheduling.concurrent.ThreadPoolTaskExecutor - Initializing ExecutorService 'applicationTaskExecutor'
2020-10-15 14:25:37.102 [main] INFO  com.lkl.demomsb.Test - Started Test in 8.778 seconds (JVM running for 10.285)
2020-10-15 14:25:37.966 [SpringContextShutdownHook] INFO  o.s.scheduling.concurrent.ThreadPoolTaskExecutor - Shutting down ExecutorService 'applicationTaskExecutor'
2020-10-15 14:25:37.971 [SpringContextShutdownHook] INFO  com.alibaba.druid.pool.DruidDataSource - {dataSource-0} closing ...
2020-10-15 14:26:14.225 [main] INFO  o.s.b.t.context.SpringBootTestContextBootstrapper - Neither @ContextConfiguration nor @ContextHierarchy found for test class [com.lkl.demomsb.Test], using SpringBootContextLoader
2020-10-15 14:26:14.233 [main] INFO  o.s.test.context.support.AbstractContextLoader - Could not detect default resource locations for test class [com.lkl.demomsb.Test]: no resource found for suffixes {-context.xml, Context.groovy}.
2020-10-15 14:26:14.234 [main] INFO  o.s.t.c.support.AnnotationConfigContextLoaderUtils - Could not detect default configuration classes for test class [com.lkl.demomsb.Test]: Test does not declare any static, non-private, non-final, nested classes annotated with @Configuration.
2020-10-15 14:26:14.393 [main] INFO  o.s.b.t.context.SpringBootTestContextBootstrapper - Found @SpringBootConfiguration com.lkl.demomsb.DemomsbApplication for test class com.lkl.demomsb.Test
2020-10-15 14:26:14.542 [main] INFO  o.s.b.t.context.SpringBootTestContextBootstrapper - Loaded default TestExecutionListener class names from location [META-INF/spring.factories]: [org.springframework.boot.test.mock.mockito.MockitoTestExecutionListener, org.springframework.boot.test.mock.mockito.ResetMocksTestExecutionListener, org.springframework.boot.test.autoconfigure.restdocs.RestDocsTestExecutionListener, org.springframework.boot.test.autoconfigure.web.client.MockRestServiceServerResetTestExecutionListener, org.springframework.boot.test.autoconfigure.web.servlet.MockMvcPrintOnlyOnFailureTestExecutionListener, org.springframework.boot.test.autoconfigure.web.servlet.WebDriverTestExecutionListener, org.springframework.test.context.web.ServletTestExecutionListener, org.springframework.test.context.support.DirtiesContextBeforeModesTestExecutionListener, org.springframework.test.context.support.DependencyInjectionTestExecutionListener, org.springframework.test.context.support.DirtiesContextTestExecutionListener, org.springframework.test.context.transaction.TransactionalTestExecutionListener, org.springframework.test.context.jdbc.SqlScriptsTestExecutionListener, org.springframework.test.context.event.EventPublishingTestExecutionListener]
2020-10-15 14:26:14.570 [main] INFO  o.s.b.t.context.SpringBootTestContextBootstrapper - Using TestExecutionListeners: [org.springframework.test.context.web.ServletTestExecutionListener@5b64c4b7, org.springframework.test.context.support.DirtiesContextBeforeModesTestExecutionListener@4763c727, org.springframework.boot.test.mock.mockito.MockitoTestExecutionListener@72445aba, org.springframework.boot.test.autoconfigure.SpringBootDependencyInjectionTestExecutionListener@61bcd567, org.springframework.test.context.support.DirtiesContextTestExecutionListener@1c80e49b, org.springframework.test.context.transaction.TransactionalTestExecutionListener@458342d3, org.springframework.test.context.jdbc.SqlScriptsTestExecutionListener@15c25153, org.springframework.test.context.event.EventPublishingTestExecutionListener@1252b961, org.springframework.boot.test.mock.mockito.ResetMocksTestExecutionListener@9ed238c, org.springframework.boot.test.autoconfigure.restdocs.RestDocsTestExecutionListener@56276db8, org.springframework.boot.test.autoconfigure.web.client.MockRestServiceServerResetTestExecutionListener@51e8e6e6, org.springframework.boot.test.autoconfigure.web.servlet.MockMvcPrintOnlyOnFailureTestExecutionListener@56f6d40b, org.springframework.boot.test.autoconfigure.web.servlet.WebDriverTestExecutionListener@36676c1a]
2020-10-15 14:26:14.861 [main] INFO  com.lkl.demomsb.Test - Starting Test on DESKTOP-LAKALA with PID 15904 (started by gg in E:\ideaProject\demomsb)
2020-10-15 14:26:14.862 [main] INFO  com.lkl.demomsb.Test - No active profile set, falling back to default profiles: default
2020-10-15 14:26:20.532 [main] INFO  o.s.scheduling.concurrent.ThreadPoolTaskExecutor - Initializing ExecutorService 'applicationTaskExecutor'
2020-10-15 14:26:22.982 [main] INFO  com.lkl.demomsb.Test - Started Test in 8.359 seconds (JVM running for 9.69)
2020-10-15 14:26:23.906 [SpringContextShutdownHook] INFO  o.s.scheduling.concurrent.ThreadPoolTaskExecutor - Shutting down ExecutorService 'applicationTaskExecutor'
2020-10-15 14:26:23.911 [SpringContextShutdownHook] INFO  com.alibaba.druid.pool.DruidDataSource - {dataSource-0} closing ...
2020-10-15 14:28:42.162 [main] INFO  o.s.b.t.context.SpringBootTestContextBootstrapper - Neither @ContextConfiguration nor @ContextHierarchy found for test class [com.lkl.demomsb.Test], using SpringBootContextLoader
2020-10-15 14:28:42.170 [main] INFO  o.s.test.context.support.AbstractContextLoader - Could not detect default resource locations for test class [com.lkl.demomsb.Test]: no resource found for suffixes {-context.xml, Context.groovy}.
2020-10-15 14:28:42.171 [main] INFO  o.s.t.c.support.AnnotationConfigContextLoaderUtils - Could not detect default configuration classes for test class [com.lkl.demomsb.Test]: Test does not declare any static, non-private, non-final, nested classes annotated with @Configuration.
2020-10-15 14:28:42.309 [main] INFO  o.s.b.t.context.SpringBootTestContextBootstrapper - Found @SpringBootConfiguration com.lkl.demomsb.DemomsbApplication for test class com.lkl.demomsb.Test
2020-10-15 14:28:42.454 [main] INFO  o.s.b.t.context.SpringBootTestContextBootstrapper - Loaded default TestExecutionListener class names from location [META-INF/spring.factories]: [org.springframework.boot.test.mock.mockito.MockitoTestExecutionListener, org.springframework.boot.test.mock.mockito.ResetMocksTestExecutionListener, org.springframework.boot.test.autoconfigure.restdocs.RestDocsTestExecutionListener, org.springframework.boot.test.autoconfigure.web.client.MockRestServiceServerResetTestExecutionListener, org.springframework.boot.test.autoconfigure.web.servlet.MockMvcPrintOnlyOnFailureTestExecutionListener, org.springframework.boot.test.autoconfigure.web.servlet.WebDriverTestExecutionListener, org.springframework.test.context.web.ServletTestExecutionListener, org.springframework.test.context.support.DirtiesContextBeforeModesTestExecutionListener, org.springframework.test.context.support.DependencyInjectionTestExecutionListener, org.springframework.test.context.support.DirtiesContextTestExecutionListener, org.springframework.test.context.transaction.TransactionalTestExecutionListener, org.springframework.test.context.jdbc.SqlScriptsTestExecutionListener, org.springframework.test.context.event.EventPublishingTestExecutionListener]
2020-10-15 14:28:42.485 [main] INFO  o.s.b.t.context.SpringBootTestContextBootstrapper - Using TestExecutionListeners: [org.springframework.test.context.web.ServletTestExecutionListener@5b64c4b7, org.springframework.test.context.support.DirtiesContextBeforeModesTestExecutionListener@4763c727, org.springframework.boot.test.mock.mockito.MockitoTestExecutionListener@72445aba, org.springframework.boot.test.autoconfigure.SpringBootDependencyInjectionTestExecutionListener@61bcd567, org.springframework.test.context.support.DirtiesContextTestExecutionListener@1c80e49b, org.springframework.test.context.transaction.TransactionalTestExecutionListener@458342d3, org.springframework.test.context.jdbc.SqlScriptsTestExecutionListener@15c25153, org.springframework.test.context.event.EventPublishingTestExecutionListener@1252b961, org.springframework.boot.test.mock.mockito.ResetMocksTestExecutionListener@9ed238c, org.springframework.boot.test.autoconfigure.restdocs.RestDocsTestExecutionListener@56276db8, org.springframework.boot.test.autoconfigure.web.client.MockRestServiceServerResetTestExecutionListener@51e8e6e6, org.springframework.boot.test.autoconfigure.web.servlet.MockMvcPrintOnlyOnFailureTestExecutionListener@56f6d40b, org.springframework.boot.test.autoconfigure.web.servlet.WebDriverTestExecutionListener@36676c1a]
2020-10-15 14:28:42.912 [main] INFO  com.lkl.demomsb.Test - Starting Test on DESKTOP-LAKALA with PID 16884 (started by gg in E:\ideaProject\demomsb)
2020-10-15 14:28:42.912 [main] INFO  com.lkl.demomsb.Test - No active profile set, falling back to default profiles: default
2020-10-15 14:28:48.446 [main] INFO  o.s.scheduling.concurrent.ThreadPoolTaskExecutor - Initializing ExecutorService 'applicationTaskExecutor'
2020-10-15 14:28:50.899 [main] INFO  com.lkl.demomsb.Test - Started Test in 8.362 seconds (JVM running for 9.675)
2020-10-15 14:36:03.605 [SpringContextShutdownHook] INFO  o.s.scheduling.concurrent.ThreadPoolTaskExecutor - Shutting down ExecutorService 'applicationTaskExecutor'
2020-10-15 14:36:03.607 [SpringContextShutdownHook] INFO  com.alibaba.druid.pool.DruidDataSource - {dataSource-0} closing ...
2020-10-15 14:41:36.472 [main] INFO  o.s.b.t.context.SpringBootTestContextBootstrapper - Neither @ContextConfiguration nor @ContextHierarchy found for test class [com.lkl.demomsb.Test], using SpringBootContextLoader
2020-10-15 14:41:36.490 [main] INFO  o.s.test.context.support.AbstractContextLoader - Could not detect default resource locations for test class [com.lkl.demomsb.Test]: no resource found for suffixes {-context.xml, Context.groovy}.
2020-10-15 14:41:36.491 [main] INFO  o.s.t.c.support.AnnotationConfigContextLoaderUtils - Could not detect default configuration classes for test class [com.lkl.demomsb.Test]: Test does not declare any static, non-private, non-final, nested classes annotated with @Configuration.
2020-10-15 14:41:36.629 [main] INFO  o.s.b.t.context.SpringBootTestContextBootstrapper - Found @SpringBootConfiguration com.lkl.demomsb.DemomsbApplication for test class com.lkl.demomsb.Test
2020-10-15 14:41:36.803 [main] INFO  o.s.b.t.context.SpringBootTestContextBootstrapper - Loaded default TestExecutionListener class names from location [META-INF/spring.factories]: [org.springframework.boot.test.mock.mockito.MockitoTestExecutionListener, org.springframework.boot.test.mock.mockito.ResetMocksTestExecutionListener, org.springframework.boot.test.autoconfigure.restdocs.RestDocsTestExecutionListener, org.springframework.boot.test.autoconfigure.web.client.MockRestServiceServerResetTestExecutionListener, org.springframework.boot.test.autoconfigure.web.servlet.MockMvcPrintOnlyOnFailureTestExecutionListener, org.springframework.boot.test.autoconfigure.web.servlet.WebDriverTestExecutionListener, org.springframework.test.context.web.ServletTestExecutionListener, org.springframework.test.context.support.DirtiesContextBeforeModesTestExecutionListener, org.springframework.test.context.support.DependencyInjectionTestExecutionListener, org.springframework.test.context.support.DirtiesContextTestExecutionListener, org.springframework.test.context.transaction.TransactionalTestExecutionListener, org.springframework.test.context.jdbc.SqlScriptsTestExecutionListener, org.springframework.test.context.event.EventPublishingTestExecutionListener]
2020-10-15 14:41:36.832 [main] INFO  o.s.b.t.context.SpringBootTestContextBootstrapper - Using TestExecutionListeners: [org.springframework.test.context.web.ServletTestExecutionListener@5b64c4b7, org.springframework.test.context.support.DirtiesContextBeforeModesTestExecutionListener@4763c727, org.springframework.boot.test.mock.mockito.MockitoTestExecutionListener@72445aba, org.springframework.boot.test.autoconfigure.SpringBootDependencyInjectionTestExecutionListener@61bcd567, org.springframework.test.context.support.DirtiesContextTestExecutionListener@1c80e49b, org.springframework.test.context.transaction.TransactionalTestExecutionListener@458342d3, org.springframework.test.context.jdbc.SqlScriptsTestExecutionListener@15c25153, org.springframework.test.context.event.EventPublishingTestExecutionListener@1252b961, org.springframework.boot.test.mock.mockito.ResetMocksTestExecutionListener@9ed238c, org.springframework.boot.test.autoconfigure.restdocs.RestDocsTestExecutionListener@56276db8, org.springframework.boot.test.autoconfigure.web.client.MockRestServiceServerResetTestExecutionListener@51e8e6e6, org.springframework.boot.test.autoconfigure.web.servlet.MockMvcPrintOnlyOnFailureTestExecutionListener@56f6d40b, org.springframework.boot.test.autoconfigure.web.servlet.WebDriverTestExecutionListener@36676c1a]
2020-10-15 14:41:37.234 [main] INFO  com.lkl.demomsb.Test - Starting Test on DESKTOP-LAKALA with PID 7448 (started by gg in E:\ideaProject\demomsb)
2020-10-15 14:41:37.235 [main] INFO  com.lkl.demomsb.Test - No active profile set, falling back to default profiles: default
2020-10-15 14:41:42.849 [main] INFO  o.s.scheduling.concurrent.ThreadPoolTaskExecutor - Initializing ExecutorService 'applicationTaskExecutor'
2020-10-15 14:41:45.287 [main] INFO  com.lkl.demomsb.Test - Started Test in 8.39 seconds (JVM running for 9.809)
2020-10-15 14:42:34.755 [SpringContextShutdownHook] INFO  o.s.scheduling.concurrent.ThreadPoolTaskExecutor - Shutting down ExecutorService 'applicationTaskExecutor'
2020-10-15 14:42:34.757 [SpringContextShutdownHook] INFO  com.alibaba.druid.pool.DruidDataSource - {dataSource-0} closing ...
2020-10-15 14:42:43.977 [main] INFO  o.s.b.t.context.SpringBootTestContextBootstrapper - Neither @ContextConfiguration nor @ContextHierarchy found for test class [com.lkl.demomsb.Test], using SpringBootContextLoader
2020-10-15 14:42:43.988 [main] INFO  o.s.test.context.support.AbstractContextLoader - Could not detect default resource locations for test class [com.lkl.demomsb.Test]: no resource found for suffixes {-context.xml, Context.groovy}.
2020-10-15 14:42:43.989 [main] INFO  o.s.t.c.support.AnnotationConfigContextLoaderUtils - Could not detect default configuration classes for test class [com.lkl.demomsb.Test]: Test does not declare any static, non-private, non-final, nested classes annotated with @Configuration.
2020-10-15 14:42:44.144 [main] INFO  o.s.b.t.context.SpringBootTestContextBootstrapper - Found @SpringBootConfiguration com.lkl.demomsb.DemomsbApplication for test class com.lkl.demomsb.Test
2020-10-15 14:42:44.308 [main] INFO  o.s.b.t.context.SpringBootTestContextBootstrapper - Loaded default TestExecutionListener class names from location [META-INF/spring.factories]: [org.springframework.boot.test.mock.mockito.MockitoTestExecutionListener, org.springframework.boot.test.mock.mockito.ResetMocksTestExecutionListener, org.springframework.boot.test.autoconfigure.restdocs.RestDocsTestExecutionListener, org.springframework.boot.test.autoconfigure.web.client.MockRestServiceServerResetTestExecutionListener, org.springframework.boot.test.autoconfigure.web.servlet.MockMvcPrintOnlyOnFailureTestExecutionListener, org.springframework.boot.test.autoconfigure.web.servlet.WebDriverTestExecutionListener, org.springframework.test.context.web.ServletTestExecutionListener, org.springframework.test.context.support.DirtiesContextBeforeModesTestExecutionListener, org.springframework.test.context.support.DependencyInjectionTestExecutionListener, org.springframework.test.context.support.DirtiesContextTestExecutionListener, org.springframework.test.context.transaction.TransactionalTestExecutionListener, org.springframework.test.context.jdbc.SqlScriptsTestExecutionListener, org.springframework.test.context.event.EventPublishingTestExecutionListener]
2020-10-15 14:42:44.329 [main] INFO  o.s.b.t.context.SpringBootTestContextBootstrapper - Using TestExecutionListeners: [org.springframework.test.context.web.ServletTestExecutionListener@5b64c4b7, org.springframework.test.context.support.DirtiesContextBeforeModesTestExecutionListener@4763c727, org.springframework.boot.test.mock.mockito.MockitoTestExecutionListener@72445aba, org.springframework.boot.test.autoconfigure.SpringBootDependencyInjectionTestExecutionListener@61bcd567, org.springframework.test.context.support.DirtiesContextTestExecutionListener@1c80e49b, org.springframework.test.context.transaction.TransactionalTestExecutionListener@458342d3, org.springframework.test.context.jdbc.SqlScriptsTestExecutionListener@15c25153, org.springframework.test.context.event.EventPublishingTestExecutionListener@1252b961, org.springframework.boot.test.mock.mockito.ResetMocksTestExecutionListener@9ed238c, org.springframework.boot.test.autoconfigure.restdocs.RestDocsTestExecutionListener@56276db8, org.springframework.boot.test.autoconfigure.web.client.MockRestServiceServerResetTestExecutionListener@51e8e6e6, org.springframework.boot.test.autoconfigure.web.servlet.MockMvcPrintOnlyOnFailureTestExecutionListener@56f6d40b, org.springframework.boot.test.autoconfigure.web.servlet.WebDriverTestExecutionListener@36676c1a]
2020-10-15 14:42:44.611 [main] INFO  com.lkl.demomsb.Test - Starting Test on DESKTOP-LAKALA with PID 13764 (started by gg in E:\ideaProject\demomsb)
2020-10-15 14:42:44.611 [main] INFO  com.lkl.demomsb.Test - No active profile set, falling back to default profiles: default
2020-10-15 14:42:50.187 [main] INFO  o.s.scheduling.concurrent.ThreadPoolTaskExecutor - Initializing ExecutorService 'applicationTaskExecutor'
2020-10-15 14:42:52.636 [main] INFO  com.lkl.demomsb.Test - Started Test in 8.253 seconds (JVM running for 9.603)
2020-10-15 14:49:27.913 [SpringContextShutdownHook] INFO  o.s.scheduling.concurrent.ThreadPoolTaskExecutor - Shutting down ExecutorService 'applicationTaskExecutor'
2020-10-15 14:49:27.914 [SpringContextShutdownHook] INFO  com.alibaba.druid.pool.DruidDataSource - {dataSource-0} closing ...
2020-10-15 14:49:34.944 [main] INFO  o.s.b.t.context.SpringBootTestContextBootstrapper - Neither @ContextConfiguration nor @ContextHierarchy found for test class [com.lkl.demomsb.Test], using SpringBootContextLoader
2020-10-15 14:49:34.951 [main] INFO  o.s.test.context.support.AbstractContextLoader - Could not detect default resource locations for test class [com.lkl.demomsb.Test]: no resource found for suffixes {-context.xml, Context.groovy}.
2020-10-15 14:49:34.952 [main] INFO  o.s.t.c.support.AnnotationConfigContextLoaderUtils - Could not detect default configuration classes for test class [com.lkl.demomsb.Test]: Test does not declare any static, non-private, non-final, nested classes annotated with @Configuration.
2020-10-15 14:49:35.096 [main] INFO  o.s.b.t.context.SpringBootTestContextBootstrapper - Found @SpringBootConfiguration com.lkl.demomsb.DemomsbApplication for test class com.lkl.demomsb.Test
2020-10-15 14:49:35.239 [main] INFO  o.s.b.t.context.SpringBootTestContextBootstrapper - Loaded default TestExecutionListener class names from location [META-INF/spring.factories]: [org.springframework.boot.test.mock.mockito.MockitoTestExecutionListener, org.springframework.boot.test.mock.mockito.ResetMocksTestExecutionListener, org.springframework.boot.test.autoconfigure.restdocs.RestDocsTestExecutionListener, org.springframework.boot.test.autoconfigure.web.client.MockRestServiceServerResetTestExecutionListener, org.springframework.boot.test.autoconfigure.web.servlet.MockMvcPrintOnlyOnFailureTestExecutionListener, org.springframework.boot.test.autoconfigure.web.servlet.WebDriverTestExecutionListener, org.springframework.test.context.web.ServletTestExecutionListener, org.springframework.test.context.support.DirtiesContextBeforeModesTestExecutionListener, org.springframework.test.context.support.DependencyInjectionTestExecutionListener, org.springframework.test.context.support.DirtiesContextTestExecutionListener, org.springframework.test.context.transaction.TransactionalTestExecutionListener, org.springframework.test.context.jdbc.SqlScriptsTestExecutionListener, org.springframework.test.context.event.EventPublishingTestExecutionListener]
2020-10-15 14:49:35.275 [main] INFO  o.s.b.t.context.SpringBootTestContextBootstrapper - Using TestExecutionListeners: [org.springframework.test.context.web.ServletTestExecutionListener@5b64c4b7, org.springframework.test.context.support.DirtiesContextBeforeModesTestExecutionListener@4763c727, org.springframework.boot.test.mock.mockito.MockitoTestExecutionListener@72445aba, org.springframework.boot.test.autoconfigure.SpringBootDependencyInjectionTestExecutionListener@61bcd567, org.springframework.test.context.support.DirtiesContextTestExecutionListener@1c80e49b, org.springframework.test.context.transaction.TransactionalTestExecutionListener@458342d3, org.springframework.test.context.jdbc.SqlScriptsTestExecutionListener@15c25153, org.springframework.test.context.event.EventPublishingTestExecutionListener@1252b961, org.springframework.boot.test.mock.mockito.ResetMocksTestExecutionListener@9ed238c, org.springframework.boot.test.autoconfigure.restdocs.RestDocsTestExecutionListener@56276db8, org.springframework.boot.test.autoconfigure.web.client.MockRestServiceServerResetTestExecutionListener@51e8e6e6, org.springframework.boot.test.autoconfigure.web.servlet.MockMvcPrintOnlyOnFailureTestExecutionListener@56f6d40b, org.springframework.boot.test.autoconfigure.web.servlet.WebDriverTestExecutionListener@36676c1a]
2020-10-15 14:49:35.541 [background-preinit] INFO  org.hibernate.validator.internal.util.Version - HV000001: Hibernate Validator 6.0.18.Final
2020-10-15 14:49:35.655 [main] INFO  com.lkl.demomsb.Test - Starting Test on DESKTOP-LAKALA with PID 18292 (started by gg in E:\ideaProject\demomsb)
2020-10-15 14:49:35.656 [main] INFO  com.lkl.demomsb.Test - No active profile set, falling back to default profiles: default
2020-10-15 14:49:41.214 [main] INFO  o.s.scheduling.concurrent.ThreadPoolTaskExecutor - Initializing ExecutorService 'applicationTaskExecutor'
2020-10-15 14:49:43.620 [main] INFO  com.lkl.demomsb.Test - Started Test in 8.294 seconds (JVM running for 9.636)
2020-10-15 14:54:52.946 [SpringContextShutdownHook] INFO  o.s.scheduling.concurrent.ThreadPoolTaskExecutor - Shutting down ExecutorService 'applicationTaskExecutor'
2020-10-15 14:54:52.947 [SpringContextShutdownHook] INFO  com.alibaba.druid.pool.DruidDataSource - {dataSource-0} closing ...
